D:\TURINGMAC\DESKTOP\CONCEPTTREEBUILDER\CONCEPTTREEBUILDER\DEBUG\CONCEPTTREEBUILDER.OBJ
D:\TURINGMAC\DESKTOP\CONCEPTTREEBUILDER\CONCEPTTREEBUILDER\DEBUG\VC110.PDB
D:\TURINGMAC\DESKTOP\CONCEPTTREEBUILDER\DEBUG\CONCEPTTREEBUILDER.ILK
D:\TURINGMAC\DESKTOP\CONCEPTTREEBUILDER\DEBUG\CONCEPTTREEBUILDER.EXE
D:\TURINGMAC\DESKTOP\CONCEPTTREEBUILDER\DEBUG\CONCEPTTREEBUILDER.PDB
D:\TuringMac\Desktop\ConceptTreeBuilder\ConceptTreeBuilder\Debug\ConceptTreeBuilder.obj
D:\TuringMac\Desktop\ConceptTreeBuilder\ConceptTreeBuilder\Debug\cl.command.1.tlog
D:\TuringMac\Desktop\ConceptTreeBuilder\ConceptTreeBuilder\Debug\CL.read.1.tlog
D:\TuringMac\Desktop\ConceptTreeBuilder\ConceptTreeBuilder\Debug\CL.write.1.tlog
D:\TuringMac\Desktop\ConceptTreeBuilder\ConceptTreeBuilder\Debug\link.55360-cvtres.read.1.tlog
D:\TuringMac\Desktop\ConceptTreeBuilder\ConceptTreeBuilder\Debug\link.55360-cvtres.write.1.tlog
D:\TuringMac\Desktop\ConceptTreeBuilder\ConceptTreeBuilder\Debug\link.55360-rc.read.1.tlog
D:\TuringMac\Desktop\ConceptTreeBuilder\ConceptTreeBuilder\Debug\link.55360-rc.write.1.tlog
D:\TuringMac\Desktop\ConceptTreeBuilder\ConceptTreeBuilder\Debug\link.55360.read.1.tlog
D:\TuringMac\Desktop\ConceptTreeBuilder\ConceptTreeBuilder\Debug\link.55360.write.1.tlog
D:\TuringMac\Desktop\ConceptTreeBuilder\ConceptTreeBuilder\Debug\link.command.1.tlog
D:\TuringMac\Desktop\ConceptTreeBuilder\ConceptTreeBuilder\Debug\link.read.1.tlog
D:\TuringMac\Desktop\ConceptTreeBuilder\ConceptTreeBuilder\Debug\link.write.1.tlog
D:\TuringMac\Desktop\ConceptTreeBuilder\ConceptTreeBuilder\Debug\vc110.idb
D:\TuringMac\Desktop\ConceptTreeBuilder\ConceptTreeBuilder\Debug\vc110.pdb
D:\TuringMac\Desktop\ConceptTreeBuilder\Debug\ConceptTreeBuilder.pdb
D:\TuringMac\Desktop\ConceptTreeBuilder\Debug\ConceptTreeBuilder.exe
D:\TuringMac\Desktop\ConceptTreeBuilder\Debug\ConceptTreeBuilder.ilk
